# JRE version: OpenJDK Runtime Environment (11.0.13) (build 11.0.13+0-b1751.21-8125866)
# Java VM: OpenJDK 64-Bit Server VM (11.0.13+0-b1751.21-8125866, mixed mode, tiered, compressed oops, g1 gc, windows-amd64)
Heap:
 garbage-first heap   total 187392K, used 61909K [0x0000000082000000, 0x0000000100000000)
  region size 1024K, 9 young (9216K), 9 survivors (9216K)
 Metaspace       used 63529K, capacity 64291K, committed 64592K, reserved 1105920K
  class space    used 7076K, capacity 7378K, committed 7424K, reserved 1048576K
GC Heap History (17 events):
Event: 0.736 GC heap before
{Heap before GC invocations=0 (full 0):
 garbage-first heap   total 129024K, used 17408K [0x0000000082000000, 0x0000000100000000)
  region size 1024K, 14 young (14336K), 0 survivors (0K)
 Metaspace       used 9692K, capacity 9775K, committed 9856K, reserved 1058816K
  class space    used 808K, capacity 852K, committed 896K, reserved 1048576K
}
Event: 0.741 GC heap after
{Heap after GC invocations=1 (full 0):
 garbage-first heap   total 129024K, used 5419K [0x0000000082000000, 0x0000000100000000)
  region size 1024K, 2 young (2048K), 2 survivors (2048K)
 Metaspace       used 9692K, capacity 9775K, committed 9856K, reserved 1058816K
  class space    used 808K, capacity 852K, committed 896K, reserved 1048576K
}
Event: 2.252 GC heap before
{Heap before GC invocations=1 (full 0):
 garbage-first heap   total 129024K, used 53547K [0x0000000082000000, 0x0000000100000000)
  region size 1024K, 50 young (51200K), 2 survivors (2048K)
 Metaspace       used 20893K, capacity 21122K, committed 21296K, reserved 1069056K
  class space    used 2245K, capacity 2340K, committed 2432K, reserved 1048576K
}
Event: 2.268 GC heap after
{Heap after GC invocations=2 (full 0):
 garbage-first heap   total 129024K, used 9827K [0x0000000082000000, 0x0000000100000000)
  region size 1024K, 7 young (7168K), 7 survivors (7168K)
 Metaspace       used 20893K, capacity 21122K, committed 21296K, reserved 1069056K
  class space    used 2245K, capacity 2340K, committed 2432K, reserved 1048576K
}
Event: 3.785 GC heap before
{Heap before GC invocations=3 (full 0):
 garbage-first heap   total 129024K, used 52835K [0x0000000082000000, 0x0000000100000000)
  region size 1024K, 46 young (47104K), 7 survivors (7168K)
 Metaspace       used 31681K, capacity 32210K, committed 32432K, reserved 1077248K
  class space    used 3774K, capacity 3970K, committed 4096K, reserved 1048576K
}
Event: 3.806 GC heap after
{Heap after GC invocations=4 (full 0):
 garbage-first heap   total 129024K, used 16480K [0x0000000082000000, 0x0000000100000000)
  region size 1024K, 4 young (4096K), 4 survivors (4096K)
 Metaspace       used 31681K, capacity 32210K, committed 32432K, reserved 1077248K
  class space    used 3774K, capacity 3970K, committed 4096K, reserved 1048576K
}
Event: 4.609 GC heap before
{Heap before GC invocations=4 (full 0):
 garbage-first heap   total 129024K, used 45152K [0x0000000082000000, 0x0000000100000000)
  region size 1024K, 31 young (31744K), 4 survivors (4096K)
 Metaspace       used 35171K, capacity 35678K, committed 35920K, reserved 1081344K
  class space    used 4340K, capacity 4548K, committed 4608K, reserved 1048576K
}
Event: 4.628 GC heap after
{Heap after GC invocations=5 (full 0):
 garbage-first heap   total 129024K, used 23262K [0x0000000082000000, 0x0000000100000000)
  region size 1024K, 8 young (8192K), 8 survivors (8192K)
 Metaspace       used 35171K, capacity 35678K, committed 35920K, reserved 1081344K
  class space    used 4340K, capacity 4548K, committed 4608K, reserved 1048576K
}
Event: 6.906 GC heap before
{Heap before GC invocations=6 (full 0):
 garbage-first heap   total 129024K, used 73438K [0x0000000082000000, 0x0000000100000000)
  region size 1024K, 57 young (58368K), 8 survivors (8192K)
 Metaspace       used 44130K, capacity 44658K, committed 45008K, reserved 1089536K
  class space    used 5224K, capacity 5427K, committed 5504K, reserved 1048576K
}
Event: 6.933 GC heap after
{Heap after GC invocations=7 (full 0):
 garbage-first heap   total 155648K, used 26017K [0x0000000082000000, 0x0000000100000000)
  region size 1024K, 5 young (5120K), 5 survivors (5120K)
 Metaspace       used 44130K, capacity 44658K, committed 45008K, reserved 1089536K
  class space    used 5224K, capacity 5427K, committed 5504K, reserved 1048576K
}
Event: 9.690 GC heap before
{Heap before GC invocations=7 (full 0):
 garbage-first heap   total 155648K, used 90529K [0x0000000082000000, 0x0000000100000000)
  region size 1024K, 65 young (66560K), 5 survivors (5120K)
 Metaspace       used 49891K, capacity 50516K, committed 50768K, reserved 1093632K
  class space    used 5791K, capacity 6024K, committed 6144K, reserved 1048576K
}
Event: 9.714 GC heap after
{Heap after GC invocations=8 (full 0):
 garbage-first heap   total 155648K, used 35442K [0x0000000082000000, 0x0000000100000000)
  region size 1024K, 7 young (7168K), 7 survivors (7168K)
 Metaspace       used 49891K, capacity 50516K, committed 50768K, reserved 1093632K
  class space    used 5791K, capacity 6024K, committed 6144K, reserved 1048576K
}
Event: 10.958 GC heap before
{Heap before GC invocations=8 (full 0):
 garbage-first heap   total 155648K, used 98930K [0x0000000082000000, 0x0000000100000000)
  region size 1024K, 69 young (70656K), 7 survivors (7168K)
 Metaspace       used 51710K, capacity 52281K, committed 52432K, reserved 1095680K
  class space    used 5932K, capacity 6159K, committed 6272K, reserved 1048576K
}
Event: 10.990 GC heap after
{Heap after GC invocations=9 (full 0):
 garbage-first heap   total 155648K, used 45050K [0x0000000082000000, 0x0000000100000000)
  region size 1024K, 9 young (9216K), 9 survivors (9216K)
 Metaspace       used 51710K, capacity 52281K, committed 52432K, reserved 1095680K
  class space    used 5932K, capacity 6159K, committed 6272K, reserved 1048576K
}
Event: 13.802 GC heap before
{Heap before GC invocations=9 (full 0):
 garbage-first heap   total 155648K, used 104442K [0x0000000082000000, 0x0000000100000000)
  region size 1024K, 68 young (69632K), 9 survivors (9216K)
 Metaspace       used 59480K, capacity 60169K, committed 60240K, reserved 1101824K
  class space    used 6807K, capacity 7101K, committed 7168K, reserved 1048576K
}
Event: 13.844 GC heap after
{Heap after GC invocations=10 (full 0):
 garbage-first heap   total 155648K, used 52736K [0x0000000082000000, 0x0000000100000000)
  region size 1024K, 8 young (8192K), 8 survivors (8192K)
 Metaspace       used 59480K, capacity 60169K, committed 60240K, reserved 1101824K
  class space    used 6807K, capacity 7101K, committed 7168K, reserved 1048576K
}
Event: 17.108 GC heap before
{Heap before GC invocations=11 (full 0):
 garbage-first heap   total 155648K, used 112128K [0x0000000082000000, 0x0000000100000000)
  region size 1024K, 66 young (67584K), 8 survivors (8192K)
 Metaspace       used 63529K, capacity 64291K, committed 64592K, reserved 1105920K
  class space    used 7076K, capacity 7378K, committed 7424K, reserved 1048576K
}

