# JRE version: OpenJDK Runtime Environment (17.0.4.1) (build 17.0.4.1+0-b2043.56-9127311)
# Java VM: OpenJDK 64-Bit Server VM (17.0.4.1+0-b2043.56-9127311, mixed mode, tiered, compressed oops, compressed class ptrs, g1 gc, windows-amd64)
GC Precious Log:
 CPUs: 4 total, 4 available
 Memory: 8056M
 Large Page Support: Disabled
 NUMA Support: Disabled
 Compressed Oops: Enabled (32-bit)
 Heap Region Size: 1M
 Heap Min Capacity: 8M
 Heap Initial Capacity: 126M
 Heap Max Capacity: 2G
 Pre-touch: Disabled
 Parallel Workers: 4
 Concurrent Workers: 1
 Concurrent Refinement Workers: 4
 Periodic GC: Disabled
Heap:
 garbage-first heap   total 443392K, used 276331K [0x0000000080000000, 0x0000000100000000)
  region size 1024K, 12 young (12288K), 12 survivors (12288K)
 Metaspace       used 116617K, committed 117440K, reserved 1155072K
  class space    used 15611K, committed 16000K, reserved 1048576K
GC Heap History (20 events):
Event: 94.861 GC heap after
{Heap after GC invocations=91 (full 0):
 garbage-first heap   total 443392K, used 213752K [0x0000000080000000, 0x0000000100000000)
  region size 1024K, 8 young (8192K), 8 survivors (8192K)
 Metaspace       used 116421K, committed 117248K, reserved 1155072K
  class space    used 15608K, committed 16000K, reserved 1048576K
}
Event: 97.106 GC heap before
{Heap before GC invocations=91 (full 0):
 garbage-first heap   total 443392K, used 386808K [0x0000000080000000, 0x0000000100000000)
  region size 1024K, 176 young (180224K), 8 survivors (8192K)
 Metaspace       used 116446K, committed 117248K, reserved 1155072K
  class space    used 15608K, committed 16000K, reserved 1048576K
}
Event: 97.119 GC heap after
{Heap after GC invocations=92 (full 0):
 garbage-first heap   total 443392K, used 210356K [0x0000000080000000, 0x0000000100000000)
  region size 1024K, 5 young (5120K), 5 survivors (5120K)
 Metaspace       used 116446K, committed 117248K, reserved 1155072K
  class space    used 15608K, committed 16000K, reserved 1048576K
}
Event: 98.391 GC heap before
{Heap before GC invocations=92 (full 0):
 garbage-first heap   total 443392K, used 386484K [0x0000000080000000, 0x0000000100000000)
  region size 1024K, 178 young (182272K), 5 survivors (5120K)
 Metaspace       used 116459K, committed 117248K, reserved 1155072K
  class space    used 15608K, committed 16000K, reserved 1048576K
}
Event: 98.410 GC heap after
{Heap after GC invocations=93 (full 0):
 garbage-first heap   total 443392K, used 214711K [0x0000000080000000, 0x0000000100000000)
  region size 1024K, 9 young (9216K), 9 survivors (9216K)
 Metaspace       used 116459K, committed 117248K, reserved 1155072K
  class space    used 15608K, committed 16000K, reserved 1048576K
}
Event: 99.938 GC heap before
{Heap before GC invocations=93 (full 0):
 garbage-first heap   total 443392K, used 383671K [0x0000000080000000, 0x0000000100000000)
  region size 1024K, 175 young (179200K), 9 survivors (9216K)
 Metaspace       used 116495K, committed 117312K, reserved 1155072K
  class space    used 15610K, committed 16000K, reserved 1048576K
}
Event: 99.953 GC heap after
{Heap after GC invocations=94 (full 0):
 garbage-first heap   total 443392K, used 211443K [0x0000000080000000, 0x0000000100000000)
  region size 1024K, 6 young (6144K), 6 survivors (6144K)
 Metaspace       used 116495K, committed 117312K, reserved 1155072K
  class space    used 15610K, committed 16000K, reserved 1048576K
}
Event: 101.776 GC heap before
{Heap before GC invocations=94 (full 0):
 garbage-first heap   total 443392K, used 384499K [0x0000000080000000, 0x0000000100000000)
  region size 1024K, 176 young (180224K), 6 survivors (6144K)
 Metaspace       used 116542K, committed 117376K, reserved 1155072K
  class space    used 15610K, committed 16000K, reserved 1048576K
}
Event: 101.804 GC heap after
{Heap after GC invocations=95 (full 0):
 garbage-first heap   total 443392K, used 223992K [0x0000000080000000, 0x0000000100000000)
  region size 1024K, 18 young (18432K), 18 survivors (18432K)
 Metaspace       used 116542K, committed 117376K, reserved 1155072K
  class space    used 15610K, committed 16000K, reserved 1048576K
}
Event: 102.629 GC heap before
{Heap before GC invocations=95 (full 0):
 garbage-first heap   total 443392K, used 375544K [0x0000000080000000, 0x0000000100000000)
  region size 1024K, 166 young (169984K), 18 survivors (18432K)
 Metaspace       used 116545K, committed 117376K, reserved 1155072K
  class space    used 15610K, committed 16000K, reserved 1048576K
}
Event: 102.686 GC heap after
{Heap after GC invocations=96 (full 0):
 garbage-first heap   total 443392K, used 234113K [0x0000000080000000, 0x0000000100000000)
  region size 1024K, 16 young (16384K), 16 survivors (16384K)
 Metaspace       used 116545K, committed 117376K, reserved 1155072K
  class space    used 15610K, committed 16000K, reserved 1048576K
}
Event: 103.626 GC heap before
{Heap before GC invocations=96 (full 0):
 garbage-first heap   total 443392K, used 369281K [0x0000000080000000, 0x0000000100000000)
  region size 1024K, 148 young (151552K), 16 survivors (16384K)
 Metaspace       used 116561K, committed 117376K, reserved 1155072K
  class space    used 15610K, committed 16000K, reserved 1048576K
}
Event: 103.656 GC heap after
{Heap after GC invocations=97 (full 0):
 garbage-first heap   total 443392K, used 238592K [0x0000000080000000, 0x0000000100000000)
  region size 1024K, 6 young (6144K), 6 survivors (6144K)
 Metaspace       used 116561K, committed 117376K, reserved 1155072K
  class space    used 15610K, committed 16000K, reserved 1048576K
}
Event: 104.473 GC heap before
{Heap before GC invocations=97 (full 0):
 garbage-first heap   total 443392K, used 373760K [0x0000000080000000, 0x0000000100000000)
  region size 1024K, 138 young (141312K), 6 survivors (6144K)
 Metaspace       used 116568K, committed 117376K, reserved 1155072K
  class space    used 15610K, committed 16000K, reserved 1048576K
}
Event: 104.512 GC heap after
{Heap after GC invocations=98 (full 0):
 garbage-first heap   total 443392K, used 260608K [0x0000000080000000, 0x0000000100000000)
  region size 1024K, 18 young (18432K), 18 survivors (18432K)
 Metaspace       used 116568K, committed 117376K, reserved 1155072K
  class space    used 15610K, committed 16000K, reserved 1048576K
}
Event: 104.998 GC heap before
{Heap before GC invocations=98 (full 0):
 garbage-first heap   total 443392K, used 366080K [0x0000000080000000, 0x0000000100000000)
  region size 1024K, 121 young (123904K), 18 survivors (18432K)
 Metaspace       used 116569K, committed 117376K, reserved 1155072K
  class space    used 15610K, committed 16000K, reserved 1048576K
}
Event: 105.046 GC heap after
{Heap after GC invocations=99 (full 0):
 garbage-first heap   total 443392K, used 265689K [0x0000000080000000, 0x0000000100000000)
  region size 1024K, 10 young (10240K), 10 survivors (10240K)
 Metaspace       used 116569K, committed 117376K, reserved 1155072K
  class space    used 15610K, committed 16000K, reserved 1048576K
}
Event: 105.523 GC heap before
{Heap before GC invocations=99 (full 0):
 garbage-first heap   total 443392K, used 368089K [0x0000000080000000, 0x0000000100000000)
  region size 1024K, 110 young (112640K), 10 survivors (10240K)
 Metaspace       used 116570K, committed 117376K, reserved 1155072K
  class space    used 15610K, committed 16000K, reserved 1048576K
}
Event: 105.562 GC heap after
{Heap after GC invocations=100 (full 0):
 garbage-first heap   total 443392K, used 271872K [0x0000000080000000, 0x0000000100000000)
  region size 1024K, 7 young (7168K), 7 survivors (7168K)
 Metaspace       used 116570K, committed 117376K, reserved 1155072K
  class space    used 15610K, committed 16000K, reserved 1048576K
}
Event: 106.059 GC heap before
{Heap before GC invocations=100 (full 0):
 garbage-first heap   total 443392K, used 371200K [0x0000000080000000, 0x0000000100000000)
  region size 1024K, 104 young (106496K), 7 survivors (7168K)
 Metaspace       used 116617K, committed 117440K, reserved 1155072K
  class space    used 15611K, committed 16000K, reserved 1048576K
}

