# JRE version: OpenJDK Runtime Environment (11.0.13) (build 11.0.13+0-b1751.21-8125866)
# Java VM: OpenJDK 64-Bit Server VM (11.0.13+0-b1751.21-8125866, mixed mode, tiered, compressed oops, g1 gc, windows-amd64)
Heap:
 garbage-first heap   total 351232K, used 116363K [0x0000000080000000, 0x0000000100000000)
  region size 1024K, 2 young (2048K), 2 survivors (2048K)
 Metaspace       used 79130K, capacity 81085K, committed 81276K, reserved 1120256K
  class space    used 9960K, capacity 10654K, committed 10700K, reserved 1048576K
GC Heap History (20 events):
Event: 114.487 GC heap after
{Heap after GC invocations=79 (full 0):
 garbage-first heap   total 129024K, used 110305K [0x0000000080000000, 0x0000000100000000)
  region size 1024K, 1 young (1024K), 1 survivors (1024K)
 Metaspace       used 76547K, capacity 78486K, committed 78716K, reserved 1118208K
  class space    used 9672K, capacity 10345K, committed 10444K, reserved 1048576K
}
Event: 114.858 GC heap before
{Heap before GC invocations=80 (full 0):
 garbage-first heap   total 129024K, used 115425K [0x0000000080000000, 0x0000000100000000)
  region size 1024K, 6 young (6144K), 1 survivors (1024K)
 Metaspace       used 76761K, capacity 78674K, committed 78972K, reserved 1118208K
  class space    used 9701K, capacity 10386K, committed 10444K, reserved 1048576K
}
Event: 114.864 GC heap after
{Heap after GC invocations=81 (full 0):
 garbage-first heap   total 129024K, used 110792K [0x0000000080000000, 0x0000000100000000)
  region size 1024K, 1 young (1024K), 1 survivors (1024K)
 Metaspace       used 76761K, capacity 78674K, committed 78972K, reserved 1118208K
  class space    used 9701K, capacity 10386K, committed 10444K, reserved 1048576K
}
Event: 116.952 GC heap before
{Heap before GC invocations=81 (full 0):
 garbage-first heap   total 129024K, used 115912K [0x0000000080000000, 0x0000000100000000)
  region size 1024K, 6 young (6144K), 1 survivors (1024K)
 Metaspace       used 77203K, capacity 79155K, committed 79356K, reserved 1118208K
  class space    used 9747K, capacity 10460K, committed 10572K, reserved 1048576K
}
Event: 116.960 GC heap after
{Heap after GC invocations=82 (full 0):
 garbage-first heap   total 129024K, used 111203K [0x0000000080000000, 0x0000000100000000)
  region size 1024K, 1 young (1024K), 1 survivors (1024K)
 Metaspace       used 77203K, capacity 79155K, committed 79356K, reserved 1118208K
  class space    used 9747K, capacity 10460K, committed 10572K, reserved 1048576K
}
Event: 119.421 GC heap before
{Heap before GC invocations=83 (full 0):
 garbage-first heap   total 129024K, used 115299K [0x0000000080000000, 0x0000000100000000)
  region size 1024K, 6 young (6144K), 1 survivors (1024K)
 Metaspace       used 77302K, capacity 79299K, committed 79612K, reserved 1118208K
  class space    used 9751K, capacity 10464K, committed 10572K, reserved 1048576K
}
Event: 119.430 GC heap after
{Heap after GC invocations=84 (full 0):
 garbage-first heap   total 155648K, used 111784K [0x0000000080000000, 0x0000000100000000)
  region size 1024K, 1 young (1024K), 1 survivors (1024K)
 Metaspace       used 77302K, capacity 79299K, committed 79612K, reserved 1118208K
  class space    used 9751K, capacity 10464K, committed 10572K, reserved 1048576K
}
Event: 120.002 GC heap before
{Heap before GC invocations=84 (full 0):
 garbage-first heap   total 155648K, used 117928K [0x0000000080000000, 0x0000000100000000)
  region size 1024K, 7 young (7168K), 1 survivors (1024K)
 Metaspace       used 77413K, capacity 79395K, committed 79612K, reserved 1118208K
  class space    used 9775K, capacity 10496K, committed 10572K, reserved 1048576K
}
Event: 120.023 GC heap after
{Heap after GC invocations=85 (full 0):
 garbage-first heap   total 155648K, used 113297K [0x0000000080000000, 0x0000000100000000)
  region size 1024K, 1 young (1024K), 1 survivors (1024K)
 Metaspace       used 77413K, capacity 79395K, committed 79612K, reserved 1118208K
  class space    used 9775K, capacity 10496K, committed 10572K, reserved 1048576K
}
Event: 121.120 GC heap before
{Heap before GC invocations=85 (full 0):
 garbage-first heap   total 155648K, used 124561K [0x0000000080000000, 0x0000000100000000)
  region size 1024K, 12 young (12288K), 1 survivors (1024K)
 Metaspace       used 77425K, capacity 79465K, committed 79612K, reserved 1118208K
  class space    used 9777K, capacity 10498K, committed 10572K, reserved 1048576K
}
Event: 121.128 GC heap after
{Heap after GC invocations=86 (full 0):
 garbage-first heap   total 155648K, used 113738K [0x0000000080000000, 0x0000000100000000)
  region size 1024K, 2 young (2048K), 2 survivors (2048K)
 Metaspace       used 77425K, capacity 79465K, committed 79612K, reserved 1118208K
  class space    used 9777K, capacity 10498K, committed 10572K, reserved 1048576K
}
Event: 122.256 GC heap before
{Heap before GC invocations=86 (full 0):
 garbage-first heap   total 155648K, used 126026K [0x0000000080000000, 0x0000000100000000)
  region size 1024K, 14 young (14336K), 2 survivors (2048K)
 Metaspace       used 77479K, capacity 79500K, committed 79612K, reserved 1118208K
  class space    used 9783K, capacity 10532K, committed 10572K, reserved 1048576K
}
Event: 122.299 GC heap after
{Heap after GC invocations=87 (full 0):
 garbage-first heap   total 155648K, used 114751K [0x0000000080000000, 0x0000000100000000)
  region size 1024K, 2 young (2048K), 2 survivors (2048K)
 Metaspace       used 77479K, capacity 79500K, committed 79612K, reserved 1118208K
  class space    used 9783K, capacity 10532K, committed 10572K, reserved 1048576K
}
Event: 123.403 GC heap before
{Heap before GC invocations=87 (full 0):
 garbage-first heap   total 155648K, used 127039K [0x0000000080000000, 0x0000000100000000)
  region size 1024K, 14 young (14336K), 2 survivors (2048K)
 Metaspace       used 77680K, capacity 79692K, committed 79868K, reserved 1118208K
  class space    used 9792K, capacity 10532K, committed 10572K, reserved 1048576K
}
Event: 123.411 GC heap after
{Heap after GC invocations=88 (full 0):
 garbage-first heap   total 155648K, used 115834K [0x0000000080000000, 0x0000000100000000)
  region size 1024K, 2 young (2048K), 2 survivors (2048K)
 Metaspace       used 77680K, capacity 79692K, committed 79868K, reserved 1118208K
  class space    used 9792K, capacity 10532K, committed 10572K, reserved 1048576K
}
Event: 124.379 GC heap before
{Heap before GC invocations=89 (full 0):
 garbage-first heap   total 155648K, used 128122K [0x0000000080000000, 0x0000000100000000)
  region size 1024K, 14 young (14336K), 2 survivors (2048K)
 Metaspace       used 77664K, capacity 79636K, committed 79868K, reserved 1118208K
  class space    used 9781K, capacity 10492K, committed 10572K, reserved 1048576K
}
Event: 125.090 GC heap after
{Heap after GC invocations=90 (full 0):
 garbage-first heap   total 155648K, used 116547K [0x0000000080000000, 0x0000000100000000)
  region size 1024K, 1 young (1024K), 1 survivors (1024K)
 Metaspace       used 77664K, capacity 79636K, committed 79868K, reserved 1118208K
  class space    used 9781K, capacity 10492K, committed 10572K, reserved 1048576K
}
Event: 128.270 GC heap before
{Heap before GC invocations=90 (full 0):
 garbage-first heap   total 155648K, used 121667K [0x0000000080000000, 0x0000000100000000)
  region size 1024K, 7 young (7168K), 1 survivors (1024K)
 Metaspace       used 78223K, capacity 80218K, committed 80508K, reserved 1120256K
  class space    used 9839K, capacity 10557K, committed 10700K, reserved 1048576K
}
Event: 128.288 GC heap after
{Heap after GC invocations=91 (full 0):
 garbage-first heap   total 155648K, used 115430K [0x0000000080000000, 0x0000000100000000)
  region size 1024K, 1 young (1024K), 1 survivors (1024K)
 Metaspace       used 78223K, capacity 80218K, committed 80508K, reserved 1120256K
  class space    used 9839K, capacity 10557K, committed 10700K, reserved 1048576K
}
Event: 130.144 GC heap before
{Heap before GC invocations=91 (full 0):
 garbage-first heap   total 155648K, used 123622K [0x0000000080000000, 0x0000000100000000)
  region size 1024K, 9 young (9216K), 1 survivors (1024K)
 Metaspace       used 79130K, capacity 81085K, committed 81276K, reserved 1120256K
  class space    used 9960K, capacity 10654K, committed 10700K, reserved 1048576K
}

